0 info it worked if it ends with ok
1 verbose cli [ '/usr/local/bin/node', '/usr/local/bin/npm', 'run', 'dev' ]
2 info using npm@3.10.10
3 info using node@v6.9.5
4 verbose run-script [ 'predev', 'dev', 'postdev' ]
5 info lifecycle pacman@0.0.1~predev: pacman@0.0.1
6 silly lifecycle pacman@0.0.1~predev: no script for predev, continuing
7 info lifecycle pacman@0.0.1~dev: pacman@0.0.1
8 verbose lifecycle pacman@0.0.1~dev: unsafe-perm in lifecycle true
9 verbose lifecycle pacman@0.0.1~dev: PATH: /usr/local/lib/node_modules/npm/bin/node-gyp-bin:/usr/src/app/node_modules/.bin:/usr/local/sbin:/usr/local/bin:/usr/sbin:/usr/bin:/sbin:/bin
10 verbose lifecycle pacman@0.0.1~dev: CWD: /usr/src/app
11 silly lifecycle pacman@0.0.1~dev: Args: [ '-c', 'nodemon .' ]
12 info lifecycle pacman@0.0.1~dev: Failed to exec dev script
13 verbose stack Error: pacman@0.0.1 dev: `nodemon .`
13 verbose stack spawn ENOENT
13 verbose stack     at ChildProcess.<anonymous> (/usr/local/lib/node_modules/npm/lib/utils/spawn.js:33:16)
13 verbose stack     at emitTwo (events.js:106:13)
13 verbose stack     at ChildProcess.emit (events.js:191:7)
13 verbose stack     at maybeClose (internal/child_process.js:877:16)
13 verbose stack     at Process.ChildProcess._handle.onexit (internal/child_process.js:226:5)
14 verbose pkgid pacman@0.0.1
15 verbose cwd /usr/src/app
16 error Linux 5.15.49-linuxkit
17 error argv "/usr/local/bin/node" "/usr/local/bin/npm" "run" "dev"
18 error node v6.9.5
19 error npm  v3.10.10
20 error file sh
21 error code ELIFECYCLE
22 error errno ENOENT
23 error syscall spawn
24 error pacman@0.0.1 dev: `nodemon .`
24 error spawn ENOENT
25 error Failed at the pacman@0.0.1 dev script 'nodemon .'.
25 error Make sure you have the latest version of node.js and npm installed.
25 error If you do, this is most likely a problem with the pacman package,
25 error not with npm itself.
25 error Tell the author that this fails on your system:
25 error     nodemon .
25 error You can get information on how to open an issue for this project with:
25 error     npm bugs pacman
25 error Or if that isn't available, you can get their info via:
25 error     npm owner ls pacman
25 error There is likely additional logging output above.
26 verbose exit [ 1, true ]
